<?xml version="1.0" encoding="UTF-8"?>
<testsuite xmlns:xsi="http://www.w3.org/2001/XMLSchema-instance" xsi:noNamespaceSchemaLocation="https://maven.apache.org/surefire/maven-surefire-plugin/xsd/surefire-test-report.xsd" name="dev.davivieira.topologyinventory.domain.DomainTest" time="0.027" tests="19" errors="0" skipped="0" failures="0">
  <properties>
[...]
</properties>
  <testcase name="filterRouterByLocation" classname="dev.davivieira.topologyinventory.domain.DomainTest" time="0.012"/>
  <testcase name="filterRouterByModel" classname="dev.davivieira.topologyinventory.domain.DomainTest" time="0.001"/>
  <testcase name="addSwitchToEdgeRouter_failBecauseEquipmentOfDifferentCountries" classname="dev.davivieira.topologyinventory.domain.DomainTest" time="0.002"/>
  <testcase name="filterRouterByVendor" classname="dev.davivieira.topologyinventory.domain.DomainTest" time="0"/>
  <testcase name="findSwitchById" classname="dev.davivieira.topologyinventory.domain.DomainTest" time="0.001"/>
  <testcase name="removeNetwork" classname="dev.davivieira.topologyinventory.domain.DomainTest" time="0"/>
  <testcase name="removeRouter" classname="dev.davivieira.topologyinventory.domain.DomainTest" time="0.003"/>
  <testcase name="removeSwitch" classname="dev.davivieira.topologyinventory.domain.DomainTest" time="0"/>
  <testcase name="addNetworkToSwitch_failBecauseSameNetworkAddress" classname="dev.davivieira.topologyinventory.domain.DomainTest" time="0"/>
  <testcase name="filterSwitchByType" classname="dev.davivieira.topologyinventory.domain.DomainTest" time="0.001"/>
  <testcase name="filterNetworkByProtocol" classname="dev.davivieira.topologyinventory.domain.DomainTest" time="0"/>
  <testcase name="addCoreToCoreRouter" classname="dev.davivieira.topologyinventory.domain.DomainTest" time="0.001"/>
  <testcase name="findRouterById" classname="dev.davivieira.topologyinventory.domain.DomainTest" time="0"/>
  <testcase name="addEdgeToCoreRouter" classname="dev.davivieira.topologyinventory.domain.DomainTest" time="0"/>
  <testcase name="addNetworkToSwitch" classname="dev.davivieira.topologyinventory.domain.DomainTest" time="0.001"/>
  <testcase name="addEdgeToCoreRouter_failBecauseRoutersOfDifferentCountries" classname="dev.davivieira.topologyinventory.domain.DomainTest" time="0"/>
  <testcase name="addSwitchToEdgeRouter" classname="dev.davivieira.topologyinventory.domain.DomainTest" time="0.001"/>
  <testcase name="addCoreToCoreRouter_failBecauseRoutersOfSameIp" classname="dev.davivieira.topologyinventory.domain.DomainTest" time="0"/>
  <testcase name="filterRouterByType" classname="dev.davivieira.topologyinventory.domain.DomainTest" time="0"/>
</testsuite>