<?xml version="1.0" encoding="UTF-8"?>
<testsuite xmlns:xsi="http://www.w3.org/2001/XMLSchema-instance" xsi:noNamespaceSchemaLocation="https://maven.apache.org/surefire/maven-surefire-plugin/xsd/surefire-test-report-3.0.xsd" version="3.0" name="dev.com.RunCucumberTest" time="0.915" tests="1" errors="1" skipped="0" failures="0">
  <properties>
[...]
</properties>
  <testcase name="Agregar cobertura a una prima existente" classname="Agregar cobertura a la prima" time="0.226">
    <error message="The step &apos;que tengo una prima ID y el detalle de una cobertura&apos; and 4 other step(s) are undefined.&#10;You can implement these steps using the snippet(s) below:&#10;&#10;@Given(&quot;que tengo una prima ID y el detalle de una cobertura&quot;)&#10;public void que_tengo_una_prima_id_y_el_detalle_de_una_cobertura() {&#10;    // Write code here that turns the phrase above into concrete actions&#10;    throw new io.cucumber.java.PendingException();&#10;}&#10;@When(&quot;encuentro la prima&quot;)&#10;public void encuentro_la_prima() {&#10;    // Write code here that turns the phrase above into concrete actions&#10;    throw new io.cucumber.java.PendingException();&#10;}&#10;@When(&quot;el valor de la cobertura es válido y este no existe ya&quot;)&#10;public void el_valor_de_la_cobertura_es_válido_y_este_no_existe_ya() {&#10;    // Write code here that turns the phrase above into concrete actions&#10;    throw new io.cucumber.java.PendingException();&#10;}&#10;@When(&quot;El CIDR es válido&quot;)&#10;public void el_cidr_es_válido() {&#10;    // Write code here that turns the phrase above into concrete actions&#10;    throw new io.cucumber.java.PendingException();&#10;}&#10;@Then(&quot;Agregar la cobertura a la prima&quot;)&#10;public void agregar_la_cobertura_a_la_prima() {&#10;    // Write code here that turns the phrase above into concrete actions&#10;    throw new io.cucumber.java.PendingException();&#10;}&#10;" type="io.cucumber.junit.UndefinedStepException"><![CDATA[io.cucumber.junit.UndefinedStepException: 
The step 'que tengo una prima ID y el detalle de una cobertura' and 4 other step(s) are undefined.
You can implement these steps using the snippet(s) below:

@Given("que tengo una prima ID y el detalle de una cobertura")
public void que_tengo_una_prima_id_y_el_detalle_de_una_cobertura() {
    // Write code here that turns the phrase above into concrete actions
    throw new io.cucumber.java.PendingException();
}
@When("encuentro la prima")
public void encuentro_la_prima() {
    // Write code here that turns the phrase above into concrete actions
    throw new io.cucumber.java.PendingException();
}
@When("el valor de la cobertura es válido y este no existe ya")
public void el_valor_de_la_cobertura_es_válido_y_este_no_existe_ya() {
    // Write code here that turns the phrase above into concrete actions
    throw new io.cucumber.java.PendingException();
}
@When("El CIDR es válido")
public void el_cidr_es_válido() {
    // Write code here that turns the phrase above into concrete actions
    throw new io.cucumber.java.PendingException();
}
@Then("Agregar la cobertura a la prima")
public void agregar_la_cobertura_a_la_prima() {
    // Write code here that turns the phrase above into concrete actions
    throw new io.cucumber.java.PendingException();
}

]]></error>
    <system-out><![CDATA[
@addCoberturaToPrima
Scenario: Agregar cobertura a una prima existente            &amp#27;[90m# src/test/java/dev/com/features/cobertura.feature:5&amp#27;[0m
  &amp#27;[33mGiven &amp#27;[0m&amp#27;[33mque tengo una prima ID y el detalle de una cobertura&amp#27;[0m
  &amp#27;[36mWhen &amp#27;[0m&amp#27;[36mencuentro la prima&amp#27;[0m
  &amp#27;[36mAnd &amp#27;[0m&amp#27;[36mel valor de la cobertura es válido y este no existe ya&amp#27;[0m
  &amp#27;[36mAnd &amp#27;[0m&amp#27;[36mEl CIDR es válido&amp#27;[0m
  &amp#27;[36mThen &amp#27;[0m&amp#27;[36mAgregar la cobertura a la prima&amp#27;[0m
]]></system-out>
  </testcase>
</testsuite>