<?xml version="1.0" encoding="UTF-8"?>
<testsuite xmlns:xsi="http://www.w3.org/2001/XMLSchema-instance" xsi:noNamespaceSchemaLocation="https://maven.apache.org/surefire/maven-surefire-plugin/xsd/surefire-test-report-3.0.xsd" version="3.0" name="dev.davivieira.RunCucumberTest" time="0.324" tests="1" errors="0" skipped="0" failures="0">
  <properties>
[...]
</properties>
  <testcase name="Adding a network to an existent router" classname="Add network to a router" time="0.102">
    <system-out><![CDATA[
@addNetworkToRouter
Scenario: Adding a network to an existent router              &amp#27;[90m# src/test/java/dev/davivieira/features/network.feature:5&amp#27;[0m
  &amp#27;[32mGiven &amp#27;[0m&amp#27;[32mI provide a router ID and the network details&amp#27;[0m         &amp#27;[90m# dev.davivieira.AddCoberturaStepsTest.obtain_routerId()&amp#27;[0m
  &amp#27;[32mWhen &amp#27;[0m&amp#27;[32mI found the router&amp#27;[0m                                     &amp#27;[90m# dev.davivieira.AddCoberturaStepsTest.lookup_router()&amp#27;[0m
  &amp#27;[32mAnd &amp#27;[0m&amp#27;[32mThe network address is valid and doesn't already exists&amp#27;[0m &amp#27;[90m# dev.davivieira.AddCoberturaStepsTest.check_address_validity_and_existence()&amp#27;[0m
  &amp#27;[32mAnd &amp#27;[0m&amp#27;[32mThe CIDR is valid&amp#27;[0m                                       &amp#27;[90m# dev.davivieira.AddCoberturaStepsTest.check_cidr()&amp#27;[0m
  &amp#27;[32mThen &amp#27;[0m&amp#27;[32mAdd the network to the router&amp#27;[0m                          &amp#27;[90m# dev.davivieira.AddCoberturaStepsTest.add_network()&amp#27;[0m
]]></system-out>
  </testcase>
</testsuite>